info it worked if it ends with ok
verbose cli [ 'node', '/usr/local/bin/npm', 'test' ]
info using npm@1.0.106
info using node@v0.6.5
verbose /usr/local/bin/node node symlink
verbose config file /Users/mlecarme/.npmrc
verbose config file /usr/local/etc/npmrc
verbose config file /usr/local/lib/node_modules/npm/npmrc
ERR! Error: ENOENT, no such file or directory '/Users/mlecarme/Developpement/javascript/node-ldapjs-elasticsearch/lib/package.json'
ERR! Report this *entire* log at:
ERR!     <http://github.com/isaacs/npm/issues>
ERR! or email it to:
ERR!     <npm-@googlegroups.com>
ERR! 
ERR! System Darwin 11.2.0
ERR! command "node" "/usr/local/bin/npm" "test"
ERR! cwd /Users/mlecarme/Developpement/javascript/node-ldapjs-elasticsearch/lib
ERR! node -v v0.6.5
ERR! npm -v 1.0.106
ERR! path /Users/mlecarme/Developpement/javascript/node-ldapjs-elasticsearch/lib/package.json
ERR! code ENOENT
verbose exit [ 1, true ]
